{"level":"info","message":"Server process starting...","service":"3P-api","timestamp":"2025-10-31 14:09:22"}
{"level":"error","message":"MongoDB connection error: The `uri` parameter to `openUri()` must be a string, got \"undefined\". Make sure the first parameter to `mongoose.connect()` or `mongoose.createConnection()` is a string.","service":"3P-api","stack":"MongooseError: The `uri` parameter to `openUri()` must be a string, got \"undefined\". Make sure the first parameter to `mongoose.connect()` or `mongoose.createConnection()` is a string.\n    at NativeConnection.createClient (/Users/khaopad/Documents/GitHub/3P-Pong-Phon-Pon/3P_Back/node_modules/mongoose/lib/drivers/node-mongodb-native/connection.js:237:11)\n    at NativeConnection.openUri (/Users/khaopad/Documents/GitHub/3P-Pong-Phon-Pon/3P_Back/node_modules/mongoose/lib/connection.js:1071:34)\n    at Mongoose.connect (/Users/khaopad/Documents/GitHub/3P-Pong-Phon-Pon/3P_Back/node_modules/mongoose/lib/mongoose.js:450:15)\n    at connectDB (/Users/khaopad/Documents/GitHub/3P-Pong-Phon-Pon/3P_Back/config/db.js:5:18)\n    at Object.<anonymous> (/Users/khaopad/Documents/GitHub/3P-Pong-Phon-Pon/3P_Back/server.js:61:1)\n    at Module._compile (node:internal/modules/cjs/loader:1521:14)\n    at Module._extensions..js (node:internal/modules/cjs/loader:1623:10)\n    at Module.load (node:internal/modules/cjs/loader:1266:32)\n    at Module._load (node:internal/modules/cjs/loader:1091:12)\n    at Function.executeUserEntryPoint [as runMain] (node:internal/modules/run_main:164:12)","timestamp":"2025-10-31 14:09:22"}
{"level":"info","message":"Server process starting...","service":"3P-api","timestamp":"2025-10-31 14:10:30"}
{"level":"error","message":"MongoDB connection error: The `uri` parameter to `openUri()` must be a string, got \"undefined\". Make sure the first parameter to `mongoose.connect()` or `mongoose.createConnection()` is a string.","service":"3P-api","stack":"MongooseError: The `uri` parameter to `openUri()` must be a string, got \"undefined\". Make sure the first parameter to `mongoose.connect()` or `mongoose.createConnection()` is a string.\n    at NativeConnection.createClient (/Users/khaopad/Documents/GitHub/3P-Pong-Phon-Pon/3P_Back/node_modules/mongoose/lib/drivers/node-mongodb-native/connection.js:237:11)\n    at NativeConnection.openUri (/Users/khaopad/Documents/GitHub/3P-Pong-Phon-Pon/3P_Back/node_modules/mongoose/lib/connection.js:1071:34)\n    at Mongoose.connect (/Users/khaopad/Documents/GitHub/3P-Pong-Phon-Pon/3P_Back/node_modules/mongoose/lib/mongoose.js:450:15)\n    at connectDB (/Users/khaopad/Documents/GitHub/3P-Pong-Phon-Pon/3P_Back/config/db.js:5:18)\n    at Object.<anonymous> (/Users/khaopad/Documents/GitHub/3P-Pong-Phon-Pon/3P_Back/server.js:61:1)\n    at Module._compile (node:internal/modules/cjs/loader:1521:14)\n    at Module._extensions..js (node:internal/modules/cjs/loader:1623:10)\n    at Module.load (node:internal/modules/cjs/loader:1266:32)\n    at Module._load (node:internal/modules/cjs/loader:1091:12)\n    at Function.executeUserEntryPoint [as runMain] (node:internal/modules/run_main:164:12)","timestamp":"2025-10-31 14:10:30"}
{"level":"info","message":"Server process starting...","service":"3P-api","timestamp":"2025-10-31 14:11:26"}
{"level":"info","message":"Connected to MongoDB","service":"3P-api","timestamp":"2025-10-31 14:11:27"}
{"level":"info","message":"Server is running on port 3000","service":"3P-api","timestamp":"2025-10-31 14:11:27"}
{"level":"info","message":"Server process starting...","service":"3P-api","timestamp":"2025-10-31 14:51:09"}
{"level":"info","message":"Connected to MongoDB","service":"3P-api","timestamp":"2025-10-31 14:51:10"}
{"level":"info","message":"Server is running on port 3000","service":"3P-api","timestamp":"2025-10-31 14:51:10"}
{"level":"info","message":"Server process starting...","service":"3P-api","timestamp":"2025-10-31 14:51:10"}
{"level":"info","message":"Connected to MongoDB","service":"3P-api","timestamp":"2025-10-31 14:51:12"}
{"level":"info","message":"Server is running on port 3000","service":"3P-api","timestamp":"2025-10-31 14:51:12"}
{"level":"info","message":"Server process starting...","service":"3P-api","timestamp":"2025-10-31 14:54:41"}
{"level":"info","message":"Connected to MongoDB","service":"3P-api","timestamp":"2025-10-31 14:54:42"}
{"level":"info","message":"Server is running on port 3000","service":"3P-api","timestamp":"2025-10-31 14:54:42"}
{"level":"info","message":"Server process starting...","service":"3P-api","timestamp":"2025-10-31 14:59:15"}
{"level":"info","message":"Connected to MongoDB","service":"3P-api","timestamp":"2025-10-31 14:59:17"}
{"level":"info","message":"Server is running on port 3000","service":"3P-api","timestamp":"2025-10-31 14:59:17"}
{"level":"info","message":"Server process starting...","service":"3P-api","timestamp":"2025-10-31 14:59:28"}
{"level":"info","message":"Connected to MongoDB","service":"3P-api","timestamp":"2025-10-31 14:59:30"}
{"level":"info","message":"Server is running on port 3000","service":"3P-api","timestamp":"2025-10-31 14:59:30"}
{"level":"info","message":"Server process starting...","service":"3P-api","timestamp":"2025-10-31 15:06:34"}
{"errorLabelSet":{},"level":"error","message":"MongoDB connection error: Server selection timed out after 30000 ms","reason":{"commonWireVersion":0,"compatible":true,"heartbeatFrequencyMS":10000,"localThresholdMS":15,"logicalSessionTimeoutMinutes":30,"maxElectionId":null,"maxSetVersion":null,"servers":{"ac-lkyijq5-shard-00-00.joy39rf.mongodb.net:27017":{"$clusterTime":{"clusterTime":{"$timestamp":{"i":15,"t":1761898019}},"signature":{"hash":{"0":178,"1":215,"10":73,"11":252,"12":71,"13":7,"14":172,"15":181,"16":163,"17":155,"18":179,"19":3,"2":118,"3":205,"4":134,"5":207,"6":83,"7":191,"8":66,"9":190},"keyId":7526514334621499000}},"address":"ac-lkyijq5-shard-00-00.joy39rf.mongodb.net:27017","arbiters":[],"electionId":null,"error":null,"hosts":["ac-lkyijq5-shard-00-00.joy39rf.mongodb.net:27017","ac-lkyijq5-shard-00-01.joy39rf.mongodb.net:27017","ac-lkyijq5-shard-00-02.joy39rf.mongodb.net:27017"],"iscryptd":false,"lastUpdateTime":1302183524,"lastWriteDate":{"$date":"2025-10-31T08:06:59Z"},"logicalSessionTimeoutMinutes":30,"maxBsonObjectSize":16777216,"maxMessageSizeBytes":48000000,"maxWireVersion":25,"maxWriteBatchSize":100000,"me":"ac-lkyijq5-shard-00-00.joy39rf.mongodb.net:27017","minRoundTripTime":0,"minWireVersion":0,"passives":[],"primary":"ac-lkyijq5-shard-00-01.joy39rf.mongodb.net:27017","roundTripTime":4740,"setName":"atlas-h1tdly-shard-0","setVersion":523,"tags":{"availabilityZone":"apse1-az1","diskState":"READY","nodeType":"ELECTABLE","provider":"AWS","region":"AP_SOUTHEAST_1","workloadType":"OPERATIONAL"},"topologyVersion":{"counter":5,"processId":{"$oid":"68fa8b4b66710ca3dd7447df"}},"type":"RSSecondary"},"ac-lkyijq5-shard-00-01.joy39rf.mongodb.net:27017":{"$clusterTime":null,"address":"ac-lkyijq5-shard-00-01.joy39rf.mongodb.net:27017","arbiters":[],"electionId":null,"error":null,"hosts":[],"iscryptd":false,"lastUpdateTime":1302158330,"lastWriteDate":0,"logicalSessionTimeoutMinutes":null,"maxBsonObjectSize":null,"maxMessageSizeBytes":null,"maxWireVersion":0,"maxWriteBatchSize":null,"me":null,"minRoundTripTime":0,"minWireVersion":0,"passives":[],"primary":null,"roundTripTime":-1,"setName":null,"setVersion":null,"tags":{},"topologyVersion":null,"type":"Unknown"},"ac-lkyijq5-shard-00-02.joy39rf.mongodb.net:27017":{"$clusterTime":null,"address":"ac-lkyijq5-shard-00-02.joy39rf.mongodb.net:27017","arbiters":[],"electionId":null,"error":null,"hosts":[],"iscryptd":false,"lastUpdateTime":1302158330,"lastWriteDate":0,"logicalSessionTimeoutMinutes":null,"maxBsonObjectSize":null,"maxMessageSizeBytes":null,"maxWireVersion":0,"maxWriteBatchSize":null,"me":null,"minRoundTripTime":0,"minWireVersion":0,"passives":[],"primary":null,"roundTripTime":-1,"setName":null,"setVersion":null,"tags":{},"topologyVersion":null,"type":"Unknown"}},"setName":"atlas-h1tdly-shard-0","stale":false,"type":"ReplicaSetNoPrimary"},"service":"3P-api","stack":"MongoServerSelectionError: Server selection timed out after 30000 ms\n    at Topology.selectServer (/Users/khaopad/Documents/GitHub/3P-Pong-Phon-Pon/3P_Back/node_modules/mongodb/lib/sdam/topology.js:327:38)\n    at async Topology._connect (/Users/khaopad/Documents/GitHub/3P-Pong-Phon-Pon/3P_Back/node_modules/mongodb/lib/sdam/topology.js:200:28)\n    at async Topology.connect (/Users/khaopad/Documents/GitHub/3P-Pong-Phon-Pon/3P_Back/node_modules/mongodb/lib/sdam/topology.js:152:13)\n    at async topologyConnect (/Users/khaopad/Documents/GitHub/3P-Pong-Phon-Pon/3P_Back/node_modules/mongodb/lib/mongo_client.js:264:17)\n    at async MongoClient._connect (/Users/khaopad/Documents/GitHub/3P-Pong-Phon-Pon/3P_Back/node_modules/mongodb/lib/mongo_client.js:277:13)\n    at async MongoClient.connect (/Users/khaopad/Documents/GitHub/3P-Pong-Phon-Pon/3P_Back/node_modules/mongodb/lib/mongo_client.js:202:13)\n    at async NativeConnection.createClient (/Users/khaopad/Documents/GitHub/3P-Pong-Phon-Pon/3P_Back/node_modules/mongoose/lib/drivers/node-mongodb-native/connection.js:351:3)","timestamp":"2025-10-31 15:07:04"}
{"level":"info","message":"Server process starting...","service":"3P-api","timestamp":"2025-10-31 15:07:41"}
{"level":"info","message":"Connected to MongoDB","service":"3P-api","timestamp":"2025-10-31 15:07:56"}
{"level":"info","message":"Server is running on port 3000","service":"3P-api","timestamp":"2025-10-31 15:07:56"}
{"level":"info","message":"Server process starting...","service":"3P-api","timestamp":"2025-10-31 15:27:24"}
{"level":"info","message":"Connected to MongoDB","service":"3P-api","timestamp":"2025-10-31 15:27:24"}
{"level":"info","message":"Server is running on port 3000","service":"3P-api","timestamp":"2025-10-31 15:27:24"}
{"level":"info","message":"Server process starting...","service":"3P-api","timestamp":"2025-10-31 15:36:46"}
{"level":"info","message":"Connected to MongoDB","service":"3P-api","timestamp":"2025-10-31 15:36:47"}
{"level":"info","message":"Server is running on port 3000","service":"3P-api","timestamp":"2025-10-31 15:36:47"}
{"level":"info","message":"Server process starting...","service":"3P-api","timestamp":"2025-10-31 15:37:10"}
{"level":"info","message":"Connected to MongoDB","service":"3P-api","timestamp":"2025-10-31 15:37:11"}
{"level":"info","message":"Server is running on port 3000","service":"3P-api","timestamp":"2025-10-31 15:37:11"}
{"level":"info","message":"Server process starting...","service":"3P-api","timestamp":"2025-10-31 15:43:25"}
{"level":"info","message":"Connected to MongoDB","service":"3P-api","timestamp":"2025-10-31 15:43:26"}
{"level":"info","message":"Server is running on port 3000","service":"3P-api","timestamp":"2025-10-31 15:43:26"}
{"level":"info","message":"Server process starting...","service":"3P-api","timestamp":"2025-10-31 23:41:25"}
{"level":"info","message":"Connected to MongoDB","service":"3P-api","timestamp":"2025-10-31 23:41:26"}
{"level":"info","message":"Server is running on port 3000","service":"3P-api","timestamp":"2025-10-31 23:41:26"}
{"level":"info","message":"Server process starting...","service":"3P-api","timestamp":"2025-10-31 23:48:26"}
{"level":"info","message":"Connected to MongoDB","service":"3P-api","timestamp":"2025-10-31 23:48:27"}
{"level":"info","message":"Server is running on port 3000","service":"3P-api","timestamp":"2025-10-31 23:48:27"}
{"level":"info","message":"Server process starting...","service":"3P-api","timestamp":"2025-11-01 22:18:17"}
{"level":"info","message":"Connected to MongoDB","service":"3P-api","timestamp":"2025-11-01 22:18:18"}
{"level":"info","message":"Server is running on port 3000","service":"3P-api","timestamp":"2025-11-01 22:18:18"}
{"level":"info","message":"GET customer","service":"3P-api","timestamp":"2025-11-01 22:18:21"}
{"level":"info","message":"GET customer","service":"3P-api","timestamp":"2025-11-01 22:24:34"}
{"level":"info","message":"GET customer","service":"3P-api","timestamp":"2025-11-01 22:26:00"}
{"level":"info","message":"Server process starting...","service":"3P-api","timestamp":"2025-11-01 22:29:15"}
{"level":"info","message":"Connected to MongoDB","service":"3P-api","timestamp":"2025-11-01 22:29:17"}
{"level":"info","message":"Server is running on port 3000","service":"3P-api","timestamp":"2025-11-01 22:29:17"}
{"level":"info","message":"Server process starting...","service":"3P-api","timestamp":"2025-11-01 22:29:18"}
{"level":"info","message":"Connected to MongoDB","service":"3P-api","timestamp":"2025-11-01 22:29:19"}
{"level":"info","message":"Server is running on port 3000","service":"3P-api","timestamp":"2025-11-01 22:29:19"}
{"level":"info","message":"Server process starting...","service":"3P-api","timestamp":"2025-11-01 22:29:20"}
{"level":"info","message":"Connected to MongoDB","service":"3P-api","timestamp":"2025-11-01 22:29:21"}
{"level":"info","message":"Server is running on port 3000","service":"3P-api","timestamp":"2025-11-01 22:29:21"}
{"level":"info","message":"Server process starting...","service":"3P-api","timestamp":"2025-11-01 22:29:23"}
{"level":"info","message":"Connected to MongoDB","service":"3P-api","timestamp":"2025-11-01 22:29:24"}
{"level":"info","message":"Server is running on port 3000","service":"3P-api","timestamp":"2025-11-01 22:29:24"}
{"level":"info","message":"Server process starting...","service":"3P-api","timestamp":"2025-11-01 22:29:27"}
{"level":"info","message":"Connected to MongoDB","service":"3P-api","timestamp":"2025-11-01 22:29:28"}
{"level":"info","message":"Server is running on port 3000","service":"3P-api","timestamp":"2025-11-01 22:29:28"}
{"level":"info","message":"Server process starting...","service":"3P-api","timestamp":"2025-11-01 22:29:32"}
{"level":"info","message":"Connected to MongoDB","service":"3P-api","timestamp":"2025-11-01 22:29:33"}
{"level":"info","message":"Server is running on port 3000","service":"3P-api","timestamp":"2025-11-01 22:29:33"}
{"level":"info","message":"GET customer","service":"3P-api","timestamp":"2025-11-01 22:29:46"}
{"level":"info","message":"GET customer","service":"3P-api","timestamp":"2025-11-01 22:34:28"}
{"level":"info","message":"GET customer","service":"3P-api","timestamp":"2025-11-01 22:44:20"}
{"level":"info","message":"Server process starting...","service":"3P-api","timestamp":"2025-11-02 00:27:09"}
{"level":"info","message":"Connected to MongoDB","service":"3P-api","timestamp":"2025-11-02 00:27:10"}
{"level":"info","message":"Server is running on port 3000","service":"3P-api","timestamp":"2025-11-02 00:27:10"}
{"level":"info","message":"GET customer","service":"3P-api","timestamp":"2025-11-02 00:28:02"}
{"level":"info","message":"GET customer","service":"3P-api","timestamp":"2025-11-02 00:28:35"}
{"level":"info","message":"GET customer","service":"3P-api","timestamp":"2025-11-02 00:28:36"}
{"level":"info","message":"GET customer","service":"3P-api","timestamp":"2025-11-02 00:28:36"}
{"level":"info","message":"GET customer","service":"3P-api","timestamp":"2025-11-02 00:28:36"}
{"level":"info","message":"GET customer","service":"3P-api","timestamp":"2025-11-02 00:28:36"}
{"level":"info","message":"GET customer","service":"3P-api","timestamp":"2025-11-02 00:28:36"}
{"level":"info","message":"GET customer","service":"3P-api","timestamp":"2025-11-02 00:28:38"}
{"level":"info","message":"GET customer","service":"3P-api","timestamp":"2025-11-02 00:29:24"}
{"level":"info","message":"GET customer","service":"3P-api","timestamp":"2025-11-02 00:29:24"}
{"level":"info","message":"GET customer","service":"3P-api","timestamp":"2025-11-02 00:29:24"}
{"level":"info","message":"GET customer","service":"3P-api","timestamp":"2025-11-02 00:29:25"}
{"level":"info","message":"GET customer","service":"3P-api","timestamp":"2025-11-02 00:29:25"}
{"level":"info","message":"GET customer","service":"3P-api","timestamp":"2025-11-02 00:29:27"}
{"level":"info","message":"GET customer","service":"3P-api","timestamp":"2025-11-02 00:29:28"}
{"level":"info","message":"Server process starting...","service":"3P-api","timestamp":"2025-11-02 00:32:46"}
{"level":"info","message":"Connected to MongoDB","service":"3P-api","timestamp":"2025-11-02 00:32:47"}
{"level":"info","message":"Server is running on port 3000","service":"3P-api","timestamp":"2025-11-02 00:32:47"}
{"level":"info","message":"GET customer","service":"3P-api","timestamp":"2025-11-02 00:33:30"}
